<?xml version="1.0" encoding="UTF-8"?>
<coverage generated="1707776699169" clover="3.2.0">
  <project timestamp="1707776699170" name="All files">
    <metrics statements="56" coveredstatements="56" conditionals="32" coveredconditionals="32" methods="21" coveredmethods="21" elements="109" coveredelements="109" complexity="0" loc="56" ncloc="56" packages="1" files="2" classes="2"/>
    <file name="gameBoard.js" path="D:\Coden\Odin-Project\Javascript-Project\Battleship-Project\src\gameBoard.js">
      <metrics statements="45" coveredstatements="45" conditionals="28" coveredconditionals="28" methods="17" coveredmethods="17"/>
      <line num="2" count="5" type="stmt"/>
      <line num="22" count="5" type="stmt"/>
      <line num="23" count="5" type="stmt"/>
      <line num="32" count="17" type="stmt"/>
      <line num="33" count="17" type="stmt"/>
      <line num="34" count="17" type="stmt"/>
      <line num="35" count="45" type="cond" truecount="2" falsecount="0"/>
      <line num="36" count="25" type="stmt"/>
      <line num="37" count="18" type="stmt"/>
      <line num="39" count="20" type="stmt"/>
      <line num="40" count="20" type="stmt"/>
      <line num="44" count="10" type="stmt"/>
      <line num="46" count="10" type="stmt"/>
      <line num="50" count="45" type="cond" truecount="2" falsecount="0"/>
      <line num="52" count="39" type="stmt"/>
      <line num="54" count="122" type="cond" truecount="2" falsecount="0"/>
      <line num="58" count="2" type="stmt"/>
      <line num="61" count="43" type="cond" truecount="6" falsecount="0"/>
      <line num="62" count="5" type="stmt"/>
      <line num="67" count="12" type="stmt"/>
      <line num="68" count="12" type="cond" truecount="2" falsecount="0"/>
      <line num="69" count="1" type="stmt"/>
      <line num="72" count="11" type="stmt"/>
      <line num="73" count="17" type="stmt"/>
      <line num="74" count="45" type="cond" truecount="2" falsecount="0"/>
      <line num="77" count="11" type="cond" truecount="2" falsecount="0"/>
      <line num="78" count="9" type="stmt"/>
      <line num="79" count="9" type="stmt"/>
      <line num="81" count="2" type="stmt"/>
      <line num="84" count="11" type="stmt"/>
      <line num="87" count="12" type="stmt"/>
      <line num="89" count="1" type="cond" truecount="2" falsecount="0"/>
      <line num="92" count="24" type="cond" truecount="2" falsecount="0"/>
      <line num="98" count="2" type="stmt"/>
      <line num="99" count="2" type="stmt"/>
      <line num="100" count="4" type="cond" truecount="2" falsecount="0"/>
      <line num="101" count="2" type="stmt"/>
      <line num="102" count="2" type="stmt"/>
      <line num="105" count="2" type="stmt"/>
      <line num="109" count="1" type="stmt"/>
      <line num="113" count="5" type="stmt"/>
      <line num="117" count="4" type="stmt"/>
      <line num="120" count="5" type="stmt"/>
      <line num="123" count="1" type="stmt"/>
      <line num="130" count="23" type="cond" truecount="2" falsecount="0"/>
    </file>
    <file name="ship.js" path="D:\Coden\Odin-Project\Javascript-Project\Battleship-Project\src\ship.js">
      <metrics statements="11" coveredstatements="11" conditionals="4" coveredconditionals="4" methods="4" coveredmethods="4"/>
      <line num="26" count="18" type="stmt"/>
      <line num="29" count="13" type="cond" truecount="2" falsecount="0"/>
      <line num="30" count="12" type="stmt"/>
      <line num="31" count="12" type="stmt"/>
      <line num="33" count="1" type="stmt"/>
      <line num="37" count="10" type="cond" truecount="2" falsecount="0"/>
      <line num="38" count="3" type="stmt"/>
      <line num="40" count="7" type="stmt"/>
      <line num="44" count="56" type="stmt"/>
      <line num="47" count="18" type="stmt"/>
      <line num="50" count="2" type="stmt"/>
    </file>
  </project>
</coverage>
