<?xml version="1.0" encoding="UTF-8"?>
<coverage generated="1707838557803" clover="3.2.0">
  <project timestamp="1707838557803" name="All files">
    <metrics statements="61" coveredstatements="59" conditionals="32" coveredconditionals="31" methods="25" coveredmethods="24" elements="118" coveredelements="114" complexity="0" loc="61" ncloc="61" packages="1" files="3" classes="3"/>
    <file name="gameBoard.js" path="D:\Coden\Odin-Project\Javascript-Project\Battleship-Project\src\gameBoard.js">
      <metrics statements="45" coveredstatements="45" conditionals="28" coveredconditionals="28" methods="17" coveredmethods="17"/>
      <line num="2" count="13" type="stmt"/>
      <line num="22" count="13" type="stmt"/>
      <line num="23" count="13" type="stmt"/>
      <line num="32" count="25" type="stmt"/>
      <line num="33" count="25" type="stmt"/>
      <line num="34" count="25" type="stmt"/>
      <line num="35" count="69" type="cond" truecount="2" falsecount="0"/>
      <line num="36" count="37" type="stmt"/>
      <line num="37" count="30" type="stmt"/>
      <line num="39" count="32" type="stmt"/>
      <line num="40" count="32" type="stmt"/>
      <line num="44" count="18" type="stmt"/>
      <line num="48" count="69" type="cond" truecount="2" falsecount="0"/>
      <line num="50" count="39" type="stmt"/>
      <line num="52" count="122" type="cond" truecount="2" falsecount="0"/>
      <line num="56" count="2" type="stmt"/>
      <line num="59" count="67" type="cond" truecount="6" falsecount="0"/>
      <line num="60" count="5" type="stmt"/>
      <line num="65" count="18" type="stmt"/>
      <line num="66" count="18" type="cond" truecount="2" falsecount="0"/>
      <line num="67" count="3" type="stmt"/>
      <line num="70" count="15" type="stmt"/>
      <line num="71" count="21" type="stmt"/>
      <line num="72" count="51" type="cond" truecount="2" falsecount="0"/>
      <line num="75" count="15" type="cond" truecount="2" falsecount="0"/>
      <line num="76" count="12" type="stmt"/>
      <line num="77" count="12" type="stmt"/>
      <line num="78" count="12" type="stmt"/>
      <line num="80" count="3" type="stmt"/>
      <line num="81" count="3" type="stmt"/>
      <line num="85" count="18" type="stmt"/>
      <line num="87" count="1" type="cond" truecount="2" falsecount="0"/>
      <line num="90" count="26" type="cond" truecount="2" falsecount="0"/>
      <line num="96" count="2" type="stmt"/>
      <line num="97" count="2" type="stmt"/>
      <line num="98" count="4" type="cond" truecount="2" falsecount="0"/>
      <line num="99" count="2" type="stmt"/>
      <line num="100" count="2" type="stmt"/>
      <line num="103" count="2" type="stmt"/>
      <line num="107" count="4" type="stmt"/>
      <line num="111" count="4" type="stmt"/>
      <line num="115" count="7" type="stmt"/>
      <line num="118" count="13" type="stmt"/>
      <line num="121" count="2" type="stmt"/>
      <line num="128" count="2" type="cond" truecount="2" falsecount="0"/>
    </file>
    <file name="player.js" path="D:\Coden\Odin-Project\Javascript-Project\Battleship-Project\src\player.js">
      <metrics statements="5" coveredstatements="4" conditionals="0" coveredconditionals="0" methods="4" coveredmethods="3"/>
      <line num="7" count="4" type="stmt"/>
      <line num="16" count="2" type="stmt"/>
      <line num="20" count="0" type="stmt"/>
      <line num="23" count="8" type="stmt"/>
      <line num="26" count="1" type="stmt"/>
    </file>
    <file name="ship.js" path="D:\Coden\Odin-Project\Javascript-Project\Battleship-Project\src\ship.js">
      <metrics statements="11" coveredstatements="10" conditionals="4" coveredconditionals="3" methods="4" coveredmethods="4"/>
      <line num="26" count="25" type="stmt"/>
      <line num="29" count="12" type="cond" truecount="1" falsecount="1"/>
      <line num="30" count="12" type="stmt"/>
      <line num="31" count="12" type="stmt"/>
      <line num="33" count="0" type="stmt"/>
      <line num="37" count="11" type="cond" truecount="2" falsecount="0"/>
      <line num="38" count="2" type="stmt"/>
      <line num="40" count="9" type="stmt"/>
      <line num="44" count="87" type="stmt"/>
      <line num="47" count="25" type="stmt"/>
      <line num="50" count="2" type="stmt"/>
    </file>
  </project>
</coverage>
