{"D:\\Coden\\Odin-Project\\Javascript-Project\\Battleship-Project\\src\\gameBoard.js": {"path":"D:\\Coden\\Odin-Project\\Javascript-Project\\Battleship-Project\\src\\gameBoard.js","statementMap":{"0":{"start":{"line":2,"column":15},"end":{"line":2,"column":17}},"1":{"start":{"line":22,"column":14},"end":{"line":22,"column":16}},"2":{"start":{"line":23,"column":13},"end":{"line":23,"column":15}},"3":{"start":{"line":32,"column":19},"end":{"line":32,"column":24}},"4":{"start":{"line":33,"column":21},"end":{"line":33,"column":23}},"5":{"start":{"line":34,"column":4},"end":{"line":42,"column":5}},"6":{"start":{"line":34,"column":21},"end":{"line":34,"column":22}},"7":{"start":{"line":35,"column":6},"end":{"line":41,"column":7}},"8":{"start":{"line":36,"column":8},"end":{"line":36,"column":59}},"9":{"start":{"line":37,"column":8},"end":{"line":37,"column":56}},"10":{"start":{"line":39,"column":8},"end":{"line":39,"column":59}},"11":{"start":{"line":40,"column":8},"end":{"line":40,"column":56}},"12":{"start":{"line":44,"column":4},"end":{"line":44,"column":47}},"13":{"start":{"line":48,"column":4},"end":{"line":57,"column":5}},"14":{"start":{"line":50,"column":8},"end":{"line":53,"column":9}},"15":{"start":{"line":52,"column":12},"end":{"line":52,"column":68}},"16":{"start":{"line":56,"column":6},"end":{"line":56,"column":55}},"17":{"start":{"line":59,"column":4},"end":{"line":61,"column":5}},"18":{"start":{"line":60,"column":6},"end":{"line":60,"column":38}},"19":{"start":{"line":65,"column":17},"end":{"line":65,"column":23}},"20":{"start":{"line":66,"column":4},"end":{"line":68,"column":5}},"21":{"start":{"line":67,"column":6},"end":{"line":67,"column":43}},"22":{"start":{"line":70,"column":15},"end":{"line":74,"column":5}},"23":{"start":{"line":71,"column":6},"end":{"line":73,"column":7}},"24":{"start":{"line":72,"column":23},"end":{"line":72,"column":63}},"25":{"start":{"line":75,"column":4},"end":{"line":82,"column":5}},"26":{"start":{"line":76,"column":6},"end":{"line":76,"column":22}},"27":{"start":{"line":77,"column":6},"end":{"line":77,"column":24}},"28":{"start":{"line":78,"column":6},"end":{"line":78,"column":19}},"29":{"start":{"line":80,"column":6},"end":{"line":80,"column":26}},"30":{"start":{"line":81,"column":6},"end":{"line":81,"column":20}},"31":{"start":{"line":85,"column":4},"end":{"line":92,"column":6}},"32":{"start":{"line":87,"column":23},"end":{"line":87,"column":79}},"33":{"start":{"line":90,"column":22},"end":{"line":90,"column":76}},"34":{"start":{"line":96,"column":18},"end":{"line":96,"column":22}},"35":{"start":{"line":97,"column":4},"end":{"line":102,"column":7}},"36":{"start":{"line":98,"column":6},"end":{"line":101,"column":7}},"37":{"start":{"line":99,"column":28},"end":{"line":99,"column":100}},"38":{"start":{"line":100,"column":8},"end":{"line":100,"column":24}},"39":{"start":{"line":103,"column":4},"end":{"line":103,"column":19}},"40":{"start":{"line":107,"column":4},"end":{"line":107,"column":18}},"41":{"start":{"line":111,"column":4},"end":{"line":111,"column":17}},"42":{"start":{"line":115,"column":4},"end":{"line":115,"column":16}},"43":{"start":{"line":118,"column":2},"end":{"line":118,"column":77}},"44":{"start":{"line":121,"column":0},"end":{"line":121,"column":33}},"45":{"start":{"line":128,"column":85},"end":{"line":128,"column":37506}},"46":{"start":{"line":128,"column":89},"end":{"line":128,"column":37495}}},"fnMap":{"0":{"name":"createGameBoard","decl":{"start":{"line":1,"column":9},"end":{"line":1,"column":24}},"loc":{"start":{"line":1,"column":27},"end":{"line":119,"column":1}},"line":1},"1":{"name":"placeShip","decl":{"start":{"line":31,"column":11},"end":{"line":31,"column":20}},"loc":{"start":{"line":31,"column":42},"end":{"line":45,"column":3}},"line":31},"2":{"name":"checkShipPlacement","decl":{"start":{"line":47,"column":11},"end":{"line":47,"column":29}},"loc":{"start":{"line":47,"column":38},"end":{"line":62,"column":3}},"line":47},"3":{"name":"(anonymous_3)","decl":{"start":{"line":49,"column":17},"end":{"line":49,"column":18}},"loc":{"start":{"line":50,"column":8},"end":{"line":53,"column":9}},"line":50},"4":{"name":"(anonymous_4)","decl":{"start":{"line":51,"column":10},"end":{"line":51,"column":11}},"loc":{"start":{"line":52,"column":12},"end":{"line":52,"column":68}},"line":52},"5":{"name":"receiveAttack","decl":{"start":{"line":64,"column":11},"end":{"line":64,"column":24}},"loc":{"start":{"line":64,"column":33},"end":{"line":83,"column":3}},"line":64},"6":{"name":"(anonymous_6)","decl":{"start":{"line":70,"column":26},"end":{"line":70,"column":27}},"loc":{"start":{"line":71,"column":6},"end":{"line":73,"column":7}},"line":71},"7":{"name":"(anonymous_7)","decl":{"start":{"line":72,"column":8},"end":{"line":72,"column":9}},"loc":{"start":{"line":72,"column":23},"end":{"line":72,"column":63}},"line":72},"8":{"name":"isCoordInMissesOrHits","decl":{"start":{"line":84,"column":11},"end":{"line":84,"column":32}},"loc":{"start":{"line":84,"column":41},"end":{"line":93,"column":3}},"line":84},"9":{"name":"(anonymous_9)","decl":{"start":{"line":87,"column":8},"end":{"line":87,"column":9}},"loc":{"start":{"line":87,"column":23},"end":{"line":87,"column":79}},"line":87},"10":{"name":"(anonymous_10)","decl":{"start":{"line":90,"column":8},"end":{"line":90,"column":9}},"loc":{"start":{"line":90,"column":22},"end":{"line":90,"column":76}},"line":90},"11":{"name":"allSunk","decl":{"start":{"line":95,"column":11},"end":{"line":95,"column":18}},"loc":{"start":{"line":95,"column":21},"end":{"line":104,"column":3}},"line":95},"12":{"name":"(anonymous_12)","decl":{"start":{"line":97,"column":18},"end":{"line":97,"column":19}},"loc":{"start":{"line":97,"column":31},"end":{"line":102,"column":5}},"line":97},"13":{"name":"getMisses","decl":{"start":{"line":106,"column":11},"end":{"line":106,"column":20}},"loc":{"start":{"line":106,"column":23},"end":{"line":108,"column":3}},"line":106},"14":{"name":"getShips","decl":{"start":{"line":110,"column":11},"end":{"line":110,"column":19}},"loc":{"start":{"line":110,"column":22},"end":{"line":112,"column":3}},"line":110},"15":{"name":"getHits","decl":{"start":{"line":114,"column":11},"end":{"line":114,"column":18}},"loc":{"start":{"line":114,"column":21},"end":{"line":116,"column":3}},"line":114},"16":{"name":"oo_cm","decl":{"start":{"line":128,"column":77},"end":{"line":128,"column":82}},"loc":{"start":{"line":128,"column":84},"end":{"line":128,"column":37507}},"line":128}},"branchMap":{"0":{"loc":{"start":{"line":35,"column":6},"end":{"line":41,"column":7}},"type":"if","locations":[{"start":{"line":35,"column":6},"end":{"line":41,"column":7}},{"start":{"line":38,"column":13},"end":{"line":41,"column":7}}],"line":35},"1":{"loc":{"start":{"line":48,"column":4},"end":{"line":57,"column":5}},"type":"if","locations":[{"start":{"line":48,"column":4},"end":{"line":57,"column":5}},{"start":{},"end":{}}],"line":48},"2":{"loc":{"start":{"line":52,"column":12},"end":{"line":52,"column":68}},"type":"binary-expr","locations":[{"start":{"line":52,"column":12},"end":{"line":52,"column":38}},{"start":{"line":52,"column":42},"end":{"line":52,"column":68}}],"line":52},"3":{"loc":{"start":{"line":59,"column":4},"end":{"line":61,"column":5}},"type":"if","locations":[{"start":{"line":59,"column":4},"end":{"line":61,"column":5}},{"start":{},"end":{}}],"line":59},"4":{"loc":{"start":{"line":59,"column":8},"end":{"line":59,"column":72}},"type":"binary-expr","locations":[{"start":{"line":59,"column":8},"end":{"line":59,"column":21}},{"start":{"line":59,"column":25},"end":{"line":59,"column":38}},{"start":{"line":59,"column":42},"end":{"line":59,"column":55}},{"start":{"line":59,"column":59},"end":{"line":59,"column":72}}],"line":59},"5":{"loc":{"start":{"line":66,"column":4},"end":{"line":68,"column":5}},"type":"if","locations":[{"start":{"line":66,"column":4},"end":{"line":68,"column":5}},{"start":{},"end":{}}],"line":66},"6":{"loc":{"start":{"line":72,"column":23},"end":{"line":72,"column":63}},"type":"binary-expr","locations":[{"start":{"line":72,"column":23},"end":{"line":72,"column":41}},{"start":{"line":72,"column":45},"end":{"line":72,"column":63}}],"line":72},"7":{"loc":{"start":{"line":75,"column":4},"end":{"line":82,"column":5}},"type":"if","locations":[{"start":{"line":75,"column":4},"end":{"line":82,"column":5}},{"start":{"line":79,"column":11},"end":{"line":82,"column":5}}],"line":75},"8":{"loc":{"start":{"line":86,"column":6},"end":{"line":91,"column":7}},"type":"binary-expr","locations":[{"start":{"line":86,"column":6},"end":{"line":88,"column":7}},{"start":{"line":89,"column":6},"end":{"line":91,"column":7}}],"line":86},"9":{"loc":{"start":{"line":87,"column":23},"end":{"line":87,"column":79}},"type":"binary-expr","locations":[{"start":{"line":87,"column":23},"end":{"line":87,"column":49}},{"start":{"line":87,"column":53},"end":{"line":87,"column":79}}],"line":87},"10":{"loc":{"start":{"line":90,"column":22},"end":{"line":90,"column":76}},"type":"binary-expr","locations":[{"start":{"line":90,"column":22},"end":{"line":90,"column":47}},{"start":{"line":90,"column":51},"end":{"line":90,"column":76}}],"line":90},"11":{"loc":{"start":{"line":98,"column":6},"end":{"line":101,"column":7}},"type":"if","locations":[{"start":{"line":98,"column":6},"end":{"line":101,"column":7}},{"start":{},"end":{}}],"line":98},"12":{"loc":{"start":{"line":128,"column":96},"end":{"line":128,"column":37494}},"type":"binary-expr","locations":[{"start":{"line":128,"column":96},"end":{"line":128,"column":133}},{"start":{"line":128,"column":137},"end":{"line":128,"column":37494}}],"line":128}},"s":{"0":13,"1":13,"2":13,"3":25,"4":25,"5":25,"6":25,"7":69,"8":37,"9":30,"10":32,"11":32,"12":18,"13":69,"14":39,"15":122,"16":2,"17":67,"18":5,"19":18,"20":18,"21":3,"22":15,"23":21,"24":51,"25":15,"26":12,"27":12,"28":12,"29":3,"30":3,"31":18,"32":1,"33":26,"34":2,"35":2,"36":4,"37":2,"38":2,"39":2,"40":4,"41":4,"42":7,"43":13,"44":2,"45":2,"46":2},"f":{"0":13,"1":25,"2":69,"3":39,"4":122,"5":18,"6":21,"7":51,"8":18,"9":1,"10":26,"11":2,"12":4,"13":4,"14":4,"15":7,"16":2},"b":{"0":[37,32],"1":[2,67],"2":[122,4],"3":[5,62],"4":[67,64,63,62],"5":[3,15],"6":[51,22],"7":[12,3],"8":[18,17],"9":[1,1],"10":[26,8],"11":[2,2],"12":[2,1]},"_coverageSchema":"1a1c01bbd47fc00a2c39e90264f33305004495a9","hash":"ab7b4dabaf687c9aad7696863d482c51dce0a5c8"}
,"D:\\Coden\\Odin-Project\\Javascript-Project\\Battleship-Project\\src\\player.js": {"path":"D:\\Coden\\Odin-Project\\Javascript-Project\\Battleship-Project\\src\\player.js","statementMap":{"0":{"start":{"line":7,"column":4},"end":{"line":7,"column":44}},"1":{"start":{"line":16,"column":4},"end":{"line":16,"column":54}},"2":{"start":{"line":20,"column":4},"end":{"line":20,"column":76}},"3":{"start":{"line":23,"column":2},"end":{"line":23,"column":62}},"4":{"start":{"line":26,"column":0},"end":{"line":26,"column":30}}},"fnMap":{"0":{"name":"createPlayer","decl":{"start":{"line":1,"column":9},"end":{"line":1,"column":21}},"loc":{"start":{"line":1,"column":39},"end":{"line":24,"column":1}},"line":1},"1":{"name":"attackEnemy","decl":{"start":{"line":6,"column":11},"end":{"line":6,"column":22}},"loc":{"start":{"line":6,"column":43},"end":{"line":8,"column":3}},"line":6},"2":{"name":"attackEnemyRandomly","decl":{"start":{"line":15,"column":11},"end":{"line":15,"column":30}},"loc":{"start":{"line":15,"column":59},"end":{"line":17,"column":3}},"line":15},"3":{"name":"coordGenerator","decl":{"start":{"line":19,"column":11},"end":{"line":19,"column":25}},"loc":{"start":{"line":19,"column":28},"end":{"line":21,"column":3}},"line":19}},"branchMap":{},"s":{"0":4,"1":2,"2":0,"3":8,"4":1},"f":{"0":8,"1":4,"2":2,"3":0},"b":{},"_coverageSchema":"1a1c01bbd47fc00a2c39e90264f33305004495a9","hash":"d3e0972ab4da339eec2b3702ae17e8a82f66d756"}
,"D:\\Coden\\Odin-Project\\Javascript-Project\\Battleship-Project\\src\\ship.js": {"path":"D:\\Coden\\Odin-Project\\Javascript-Project\\Battleship-Project\\src\\ship.js","statementMap":{"0":{"start":{"line":26,"column":13},"end":{"line":26,"column":14}},"1":{"start":{"line":29,"column":4},"end":{"line":32,"column":5}},"2":{"start":{"line":30,"column":6},"end":{"line":30,"column":13}},"3":{"start":{"line":31,"column":6},"end":{"line":31,"column":18}},"4":{"start":{"line":33,"column":4},"end":{"line":33,"column":41}},"5":{"start":{"line":37,"column":4},"end":{"line":39,"column":5}},"6":{"start":{"line":38,"column":6},"end":{"line":38,"column":18}},"7":{"start":{"line":40,"column":4},"end":{"line":40,"column":17}},"8":{"start":{"line":44,"column":4},"end":{"line":44,"column":18}},"9":{"start":{"line":47,"column":2},"end":{"line":47,"column":42}},"10":{"start":{"line":50,"column":0},"end":{"line":50,"column":28}}},"fnMap":{"0":{"name":"createShip","decl":{"start":{"line":25,"column":9},"end":{"line":25,"column":19}},"loc":{"start":{"line":25,"column":34},"end":{"line":48,"column":1}},"line":25},"1":{"name":"hit","decl":{"start":{"line":28,"column":11},"end":{"line":28,"column":14}},"loc":{"start":{"line":28,"column":17},"end":{"line":34,"column":3}},"line":28},"2":{"name":"isSunk","decl":{"start":{"line":36,"column":11},"end":{"line":36,"column":17}},"loc":{"start":{"line":36,"column":20},"end":{"line":41,"column":3}},"line":36},"3":{"name":"getLength","decl":{"start":{"line":43,"column":11},"end":{"line":43,"column":20}},"loc":{"start":{"line":43,"column":23},"end":{"line":45,"column":3}},"line":43}},"branchMap":{"0":{"loc":{"start":{"line":29,"column":4},"end":{"line":32,"column":5}},"type":"if","locations":[{"start":{"line":29,"column":4},"end":{"line":32,"column":5}},{"start":{},"end":{}}],"line":29},"1":{"loc":{"start":{"line":37,"column":4},"end":{"line":39,"column":5}},"type":"if","locations":[{"start":{"line":37,"column":4},"end":{"line":39,"column":5}},{"start":{},"end":{}}],"line":37}},"s":{"0":25,"1":12,"2":12,"3":12,"4":0,"5":11,"6":2,"7":9,"8":87,"9":25,"10":2},"f":{"0":25,"1":12,"2":11,"3":87},"b":{"0":[12,0],"1":[2,9]},"_coverageSchema":"1a1c01bbd47fc00a2c39e90264f33305004495a9","hash":"a96b9e67352fc3031b0e09296497d59b009fbf69"}
}
