{"D:\\Coden\\Odin-Project\\Javascript-Project\\Battleship-Project\\src\\gameBoard.js": {"path":"D:\\Coden\\Odin-Project\\Javascript-Project\\Battleship-Project\\src\\gameBoard.js","statementMap":{"0":{"start":{"line":2,"column":15},"end":{"line":2,"column":17}},"1":{"start":{"line":22,"column":14},"end":{"line":22,"column":16}},"2":{"start":{"line":23,"column":13},"end":{"line":23,"column":15}},"3":{"start":{"line":32,"column":19},"end":{"line":32,"column":24}},"4":{"start":{"line":33,"column":21},"end":{"line":33,"column":23}},"5":{"start":{"line":34,"column":4},"end":{"line":42,"column":5}},"6":{"start":{"line":34,"column":21},"end":{"line":34,"column":22}},"7":{"start":{"line":35,"column":6},"end":{"line":41,"column":7}},"8":{"start":{"line":36,"column":8},"end":{"line":36,"column":59}},"9":{"start":{"line":37,"column":8},"end":{"line":37,"column":56}},"10":{"start":{"line":39,"column":8},"end":{"line":39,"column":59}},"11":{"start":{"line":40,"column":8},"end":{"line":40,"column":56}},"12":{"start":{"line":44,"column":4},"end":{"line":44,"column":47}},"13":{"start":{"line":46,"column":24},"end":{"line":46,"column":79}},"14":{"start":{"line":50,"column":4},"end":{"line":59,"column":5}},"15":{"start":{"line":52,"column":8},"end":{"line":55,"column":9}},"16":{"start":{"line":54,"column":12},"end":{"line":54,"column":68}},"17":{"start":{"line":58,"column":6},"end":{"line":58,"column":55}},"18":{"start":{"line":61,"column":4},"end":{"line":63,"column":5}},"19":{"start":{"line":62,"column":6},"end":{"line":62,"column":38}},"20":{"start":{"line":67,"column":17},"end":{"line":67,"column":23}},"21":{"start":{"line":68,"column":4},"end":{"line":70,"column":5}},"22":{"start":{"line":69,"column":6},"end":{"line":69,"column":43}},"23":{"start":{"line":72,"column":15},"end":{"line":76,"column":5}},"24":{"start":{"line":73,"column":6},"end":{"line":75,"column":7}},"25":{"start":{"line":74,"column":23},"end":{"line":74,"column":63}},"26":{"start":{"line":77,"column":4},"end":{"line":82,"column":5}},"27":{"start":{"line":78,"column":6},"end":{"line":78,"column":22}},"28":{"start":{"line":79,"column":6},"end":{"line":79,"column":24}},"29":{"start":{"line":81,"column":6},"end":{"line":81,"column":26}},"30":{"start":{"line":84,"column":24},"end":{"line":84,"column":79}},"31":{"start":{"line":87,"column":4},"end":{"line":94,"column":6}},"32":{"start":{"line":89,"column":23},"end":{"line":89,"column":79}},"33":{"start":{"line":92,"column":22},"end":{"line":92,"column":76}},"34":{"start":{"line":98,"column":18},"end":{"line":98,"column":22}},"35":{"start":{"line":99,"column":4},"end":{"line":104,"column":7}},"36":{"start":{"line":100,"column":6},"end":{"line":103,"column":7}},"37":{"start":{"line":101,"column":28},"end":{"line":101,"column":102}},"38":{"start":{"line":102,"column":8},"end":{"line":102,"column":24}},"39":{"start":{"line":105,"column":4},"end":{"line":105,"column":19}},"40":{"start":{"line":109,"column":4},"end":{"line":109,"column":18}},"41":{"start":{"line":113,"column":4},"end":{"line":113,"column":17}},"42":{"start":{"line":117,"column":4},"end":{"line":117,"column":16}},"43":{"start":{"line":120,"column":2},"end":{"line":120,"column":77}},"44":{"start":{"line":123,"column":0},"end":{"line":123,"column":33}},"45":{"start":{"line":130,"column":85},"end":{"line":130,"column":37506}},"46":{"start":{"line":130,"column":89},"end":{"line":130,"column":37495}}},"fnMap":{"0":{"name":"createGameBoard","decl":{"start":{"line":1,"column":9},"end":{"line":1,"column":24}},"loc":{"start":{"line":1,"column":33},"end":{"line":121,"column":1}},"line":1},"1":{"name":"placeShip","decl":{"start":{"line":31,"column":11},"end":{"line":31,"column":20}},"loc":{"start":{"line":31,"column":42},"end":{"line":47,"column":3}},"line":31},"2":{"name":"checkShipPlacement","decl":{"start":{"line":49,"column":11},"end":{"line":49,"column":29}},"loc":{"start":{"line":49,"column":38},"end":{"line":64,"column":3}},"line":49},"3":{"name":"(anonymous_3)","decl":{"start":{"line":51,"column":17},"end":{"line":51,"column":18}},"loc":{"start":{"line":52,"column":8},"end":{"line":55,"column":9}},"line":52},"4":{"name":"(anonymous_4)","decl":{"start":{"line":53,"column":10},"end":{"line":53,"column":11}},"loc":{"start":{"line":54,"column":12},"end":{"line":54,"column":68}},"line":54},"5":{"name":"receiveAttack","decl":{"start":{"line":66,"column":11},"end":{"line":66,"column":24}},"loc":{"start":{"line":66,"column":33},"end":{"line":85,"column":3}},"line":66},"6":{"name":"(anonymous_6)","decl":{"start":{"line":72,"column":26},"end":{"line":72,"column":27}},"loc":{"start":{"line":73,"column":6},"end":{"line":75,"column":7}},"line":73},"7":{"name":"(anonymous_7)","decl":{"start":{"line":74,"column":8},"end":{"line":74,"column":9}},"loc":{"start":{"line":74,"column":23},"end":{"line":74,"column":63}},"line":74},"8":{"name":"isCoordInMissesOrHits","decl":{"start":{"line":86,"column":11},"end":{"line":86,"column":32}},"loc":{"start":{"line":86,"column":41},"end":{"line":95,"column":3}},"line":86},"9":{"name":"(anonymous_9)","decl":{"start":{"line":89,"column":8},"end":{"line":89,"column":9}},"loc":{"start":{"line":89,"column":23},"end":{"line":89,"column":79}},"line":89},"10":{"name":"(anonymous_10)","decl":{"start":{"line":92,"column":8},"end":{"line":92,"column":9}},"loc":{"start":{"line":92,"column":22},"end":{"line":92,"column":76}},"line":92},"11":{"name":"allSunk","decl":{"start":{"line":97,"column":11},"end":{"line":97,"column":18}},"loc":{"start":{"line":97,"column":21},"end":{"line":106,"column":3}},"line":97},"12":{"name":"(anonymous_12)","decl":{"start":{"line":99,"column":18},"end":{"line":99,"column":19}},"loc":{"start":{"line":99,"column":31},"end":{"line":104,"column":5}},"line":99},"13":{"name":"getMisses","decl":{"start":{"line":108,"column":11},"end":{"line":108,"column":20}},"loc":{"start":{"line":108,"column":23},"end":{"line":110,"column":3}},"line":108},"14":{"name":"getShips","decl":{"start":{"line":112,"column":11},"end":{"line":112,"column":19}},"loc":{"start":{"line":112,"column":22},"end":{"line":114,"column":3}},"line":112},"15":{"name":"getHits","decl":{"start":{"line":116,"column":11},"end":{"line":116,"column":18}},"loc":{"start":{"line":116,"column":21},"end":{"line":118,"column":3}},"line":116},"16":{"name":"oo_cm","decl":{"start":{"line":130,"column":77},"end":{"line":130,"column":82}},"loc":{"start":{"line":130,"column":84},"end":{"line":130,"column":37507}},"line":130}},"branchMap":{"0":{"loc":{"start":{"line":35,"column":6},"end":{"line":41,"column":7}},"type":"if","locations":[{"start":{"line":35,"column":6},"end":{"line":41,"column":7}},{"start":{"line":38,"column":13},"end":{"line":41,"column":7}}],"line":35},"1":{"loc":{"start":{"line":50,"column":4},"end":{"line":59,"column":5}},"type":"if","locations":[{"start":{"line":50,"column":4},"end":{"line":59,"column":5}},{"start":{},"end":{}}],"line":50},"2":{"loc":{"start":{"line":54,"column":12},"end":{"line":54,"column":68}},"type":"binary-expr","locations":[{"start":{"line":54,"column":12},"end":{"line":54,"column":38}},{"start":{"line":54,"column":42},"end":{"line":54,"column":68}}],"line":54},"3":{"loc":{"start":{"line":61,"column":4},"end":{"line":63,"column":5}},"type":"if","locations":[{"start":{"line":61,"column":4},"end":{"line":63,"column":5}},{"start":{},"end":{}}],"line":61},"4":{"loc":{"start":{"line":61,"column":8},"end":{"line":61,"column":72}},"type":"binary-expr","locations":[{"start":{"line":61,"column":8},"end":{"line":61,"column":21}},{"start":{"line":61,"column":25},"end":{"line":61,"column":38}},{"start":{"line":61,"column":42},"end":{"line":61,"column":55}},{"start":{"line":61,"column":59},"end":{"line":61,"column":72}}],"line":61},"5":{"loc":{"start":{"line":68,"column":4},"end":{"line":70,"column":5}},"type":"if","locations":[{"start":{"line":68,"column":4},"end":{"line":70,"column":5}},{"start":{},"end":{}}],"line":68},"6":{"loc":{"start":{"line":74,"column":23},"end":{"line":74,"column":63}},"type":"binary-expr","locations":[{"start":{"line":74,"column":23},"end":{"line":74,"column":41}},{"start":{"line":74,"column":45},"end":{"line":74,"column":63}}],"line":74},"7":{"loc":{"start":{"line":77,"column":4},"end":{"line":82,"column":5}},"type":"if","locations":[{"start":{"line":77,"column":4},"end":{"line":82,"column":5}},{"start":{"line":80,"column":11},"end":{"line":82,"column":5}}],"line":77},"8":{"loc":{"start":{"line":88,"column":6},"end":{"line":93,"column":7}},"type":"binary-expr","locations":[{"start":{"line":88,"column":6},"end":{"line":90,"column":7}},{"start":{"line":91,"column":6},"end":{"line":93,"column":7}}],"line":88},"9":{"loc":{"start":{"line":89,"column":23},"end":{"line":89,"column":79}},"type":"binary-expr","locations":[{"start":{"line":89,"column":23},"end":{"line":89,"column":49}},{"start":{"line":89,"column":53},"end":{"line":89,"column":79}}],"line":89},"10":{"loc":{"start":{"line":92,"column":22},"end":{"line":92,"column":76}},"type":"binary-expr","locations":[{"start":{"line":92,"column":22},"end":{"line":92,"column":47}},{"start":{"line":92,"column":51},"end":{"line":92,"column":76}}],"line":92},"11":{"loc":{"start":{"line":100,"column":6},"end":{"line":103,"column":7}},"type":"if","locations":[{"start":{"line":100,"column":6},"end":{"line":103,"column":7}},{"start":{},"end":{}}],"line":100},"12":{"loc":{"start":{"line":130,"column":96},"end":{"line":130,"column":37494}},"type":"binary-expr","locations":[{"start":{"line":130,"column":96},"end":{"line":130,"column":133}},{"start":{"line":130,"column":137},"end":{"line":130,"column":37494}}],"line":130}},"s":{"0":5,"1":5,"2":5,"3":17,"4":17,"5":17,"6":17,"7":45,"8":25,"9":18,"10":20,"11":20,"12":10,"13":10,"14":45,"15":39,"16":122,"17":2,"18":43,"19":5,"20":12,"21":12,"22":1,"23":11,"24":17,"25":45,"26":11,"27":9,"28":9,"29":2,"30":11,"31":12,"32":1,"33":24,"34":2,"35":2,"36":4,"37":2,"38":2,"39":2,"40":1,"41":5,"42":4,"43":5,"44":1,"45":23,"46":23},"f":{"0":5,"1":17,"2":45,"3":39,"4":122,"5":12,"6":17,"7":45,"8":12,"9":1,"10":24,"11":2,"12":4,"13":1,"14":5,"15":4,"16":23},"b":{"0":[25,20],"1":[2,43],"2":[122,4],"3":[5,38],"4":[43,40,39,38],"5":[1,11],"6":[45,19],"7":[9,2],"8":[12,11],"9":[1,1],"10":[24,6],"11":[2,2],"12":[23,1]},"_coverageSchema":"1a1c01bbd47fc00a2c39e90264f33305004495a9","hash":"07f7923d5342bd6b2aa6b67d213d2dbc8c2cdb18"}
,"D:\\Coden\\Odin-Project\\Javascript-Project\\Battleship-Project\\src\\ship.js": {"path":"D:\\Coden\\Odin-Project\\Javascript-Project\\Battleship-Project\\src\\ship.js","statementMap":{"0":{"start":{"line":26,"column":13},"end":{"line":26,"column":14}},"1":{"start":{"line":29,"column":4},"end":{"line":32,"column":5}},"2":{"start":{"line":30,"column":6},"end":{"line":30,"column":13}},"3":{"start":{"line":31,"column":6},"end":{"line":31,"column":18}},"4":{"start":{"line":33,"column":4},"end":{"line":33,"column":41}},"5":{"start":{"line":37,"column":4},"end":{"line":39,"column":5}},"6":{"start":{"line":38,"column":6},"end":{"line":38,"column":18}},"7":{"start":{"line":40,"column":4},"end":{"line":40,"column":17}},"8":{"start":{"line":44,"column":4},"end":{"line":44,"column":18}},"9":{"start":{"line":47,"column":2},"end":{"line":47,"column":42}},"10":{"start":{"line":50,"column":0},"end":{"line":50,"column":28}}},"fnMap":{"0":{"name":"createShip","decl":{"start":{"line":25,"column":9},"end":{"line":25,"column":19}},"loc":{"start":{"line":25,"column":34},"end":{"line":48,"column":1}},"line":25},"1":{"name":"hit","decl":{"start":{"line":28,"column":11},"end":{"line":28,"column":14}},"loc":{"start":{"line":28,"column":17},"end":{"line":34,"column":3}},"line":28},"2":{"name":"isSunk","decl":{"start":{"line":36,"column":11},"end":{"line":36,"column":17}},"loc":{"start":{"line":36,"column":20},"end":{"line":41,"column":3}},"line":36},"3":{"name":"getLength","decl":{"start":{"line":43,"column":11},"end":{"line":43,"column":20}},"loc":{"start":{"line":43,"column":23},"end":{"line":45,"column":3}},"line":43}},"branchMap":{"0":{"loc":{"start":{"line":29,"column":4},"end":{"line":32,"column":5}},"type":"if","locations":[{"start":{"line":29,"column":4},"end":{"line":32,"column":5}},{"start":{},"end":{}}],"line":29},"1":{"loc":{"start":{"line":37,"column":4},"end":{"line":39,"column":5}},"type":"if","locations":[{"start":{"line":37,"column":4},"end":{"line":39,"column":5}},{"start":{},"end":{}}],"line":37}},"s":{"0":18,"1":13,"2":12,"3":12,"4":1,"5":10,"6":3,"7":7,"8":56,"9":18,"10":2},"f":{"0":18,"1":13,"2":10,"3":56},"b":{"0":[12,1],"1":[3,7]},"_coverageSchema":"1a1c01bbd47fc00a2c39e90264f33305004495a9","hash":"a96b9e67352fc3031b0e09296497d59b009fbf69"}
}
