TN:
SF:src\gameBoard.js
FN:1,createGameBoard
FN:31,placeShip
FN:47,checkShipPlacement
FN:49,(anonymous_3)
FN:51,(anonymous_4)
FN:64,receiveAttack
FN:70,(anonymous_6)
FN:72,(anonymous_7)
FN:84,isCoordInMissesOrHits
FN:87,(anonymous_9)
FN:90,(anonymous_10)
FN:95,allSunk
FN:97,(anonymous_12)
FN:106,getMisses
FN:110,getShips
FN:114,getHits
FN:128,oo_cm
FNF:17
FNH:17
FNDA:13,createGameBoard
FNDA:25,placeShip
FNDA:69,checkShipPlacement
FNDA:39,(anonymous_3)
FNDA:122,(anonymous_4)
FNDA:18,receiveAttack
FNDA:21,(anonymous_6)
FNDA:51,(anonymous_7)
FNDA:18,isCoordInMissesOrHits
FNDA:1,(anonymous_9)
FNDA:26,(anonymous_10)
FNDA:2,allSunk
FNDA:4,(anonymous_12)
FNDA:4,getMisses
FNDA:4,getShips
FNDA:7,getHits
FNDA:2,oo_cm
DA:2,13
DA:22,13
DA:23,13
DA:32,25
DA:33,25
DA:34,25
DA:35,69
DA:36,37
DA:37,30
DA:39,32
DA:40,32
DA:44,18
DA:48,69
DA:50,39
DA:52,122
DA:56,2
DA:59,67
DA:60,5
DA:65,18
DA:66,18
DA:67,3
DA:70,15
DA:71,21
DA:72,51
DA:75,15
DA:76,12
DA:77,12
DA:78,12
DA:80,3
DA:81,3
DA:85,18
DA:87,1
DA:90,26
DA:96,2
DA:97,2
DA:98,4
DA:99,2
DA:100,2
DA:103,2
DA:107,4
DA:111,4
DA:115,7
DA:118,13
DA:121,2
DA:128,2
LF:45
LH:45
BRDA:35,0,0,37
BRDA:35,0,1,32
BRDA:48,1,0,2
BRDA:48,1,1,67
BRDA:52,2,0,122
BRDA:52,2,1,4
BRDA:59,3,0,5
BRDA:59,3,1,62
BRDA:59,4,0,67
BRDA:59,4,1,64
BRDA:59,4,2,63
BRDA:59,4,3,62
BRDA:66,5,0,3
BRDA:66,5,1,15
BRDA:72,6,0,51
BRDA:72,6,1,22
BRDA:75,7,0,12
BRDA:75,7,1,3
BRDA:86,8,0,18
BRDA:86,8,1,17
BRDA:87,9,0,1
BRDA:87,9,1,1
BRDA:90,10,0,26
BRDA:90,10,1,8
BRDA:98,11,0,2
BRDA:98,11,1,2
BRDA:128,12,0,2
BRDA:128,12,1,1
BRF:28
BRH:28
end_of_record
TN:
SF:src\player.js
FN:1,createPlayer
FN:6,attackEnemy
FN:15,attackEnemyRandomly
FN:19,coordGenerator
FNF:4
FNH:3
FNDA:8,createPlayer
FNDA:4,attackEnemy
FNDA:2,attackEnemyRandomly
FNDA:0,coordGenerator
DA:7,4
DA:16,2
DA:20,0
DA:23,8
DA:26,1
LF:5
LH:4
BRF:0
BRH:0
end_of_record
TN:
SF:src\ship.js
FN:25,createShip
FN:28,hit
FN:36,isSunk
FN:43,getLength
FNF:4
FNH:4
FNDA:25,createShip
FNDA:12,hit
FNDA:11,isSunk
FNDA:87,getLength
DA:26,25
DA:29,12
DA:30,12
DA:31,12
DA:33,0
DA:37,11
DA:38,2
DA:40,9
DA:44,87
DA:47,25
DA:50,2
LF:11
LH:10
BRDA:29,0,0,12
BRDA:29,0,1,0
BRDA:37,1,0,2
BRDA:37,1,1,9
BRF:4
BRH:3
end_of_record
