TN:
SF:src\gameBoard.js
FN:1,createGameBoard
FN:31,placeShip
FN:49,checkShipPlacement
FN:51,(anonymous_3)
FN:53,(anonymous_4)
FN:66,receiveAttack
FN:72,(anonymous_6)
FN:74,(anonymous_7)
FN:86,isCoordInMissesOrHits
FN:89,(anonymous_9)
FN:92,(anonymous_10)
FN:97,allSunk
FN:99,(anonymous_12)
FN:108,getMisses
FN:112,getShips
FN:116,getHits
FN:130,oo_cm
FNF:17
FNH:17
FNDA:5,createGameBoard
FNDA:17,placeShip
FNDA:45,checkShipPlacement
FNDA:39,(anonymous_3)
FNDA:122,(anonymous_4)
FNDA:12,receiveAttack
FNDA:17,(anonymous_6)
FNDA:45,(anonymous_7)
FNDA:12,isCoordInMissesOrHits
FNDA:1,(anonymous_9)
FNDA:24,(anonymous_10)
FNDA:2,allSunk
FNDA:4,(anonymous_12)
FNDA:1,getMisses
FNDA:5,getShips
FNDA:4,getHits
FNDA:23,oo_cm
DA:2,5
DA:22,5
DA:23,5
DA:32,17
DA:33,17
DA:34,17
DA:35,45
DA:36,25
DA:37,18
DA:39,20
DA:40,20
DA:44,10
DA:46,10
DA:50,45
DA:52,39
DA:54,122
DA:58,2
DA:61,43
DA:62,5
DA:67,12
DA:68,12
DA:69,1
DA:72,11
DA:73,17
DA:74,45
DA:77,11
DA:78,9
DA:79,9
DA:81,2
DA:84,11
DA:87,12
DA:89,1
DA:92,24
DA:98,2
DA:99,2
DA:100,4
DA:101,2
DA:102,2
DA:105,2
DA:109,1
DA:113,5
DA:117,4
DA:120,5
DA:123,1
DA:130,23
LF:45
LH:45
BRDA:35,0,0,25
BRDA:35,0,1,20
BRDA:50,1,0,2
BRDA:50,1,1,43
BRDA:54,2,0,122
BRDA:54,2,1,4
BRDA:61,3,0,5
BRDA:61,3,1,38
BRDA:61,4,0,43
BRDA:61,4,1,40
BRDA:61,4,2,39
BRDA:61,4,3,38
BRDA:68,5,0,1
BRDA:68,5,1,11
BRDA:74,6,0,45
BRDA:74,6,1,19
BRDA:77,7,0,9
BRDA:77,7,1,2
BRDA:88,8,0,12
BRDA:88,8,1,11
BRDA:89,9,0,1
BRDA:89,9,1,1
BRDA:92,10,0,24
BRDA:92,10,1,6
BRDA:100,11,0,2
BRDA:100,11,1,2
BRDA:130,12,0,23
BRDA:130,12,1,1
BRF:28
BRH:28
end_of_record
TN:
SF:src\ship.js
FN:25,createShip
FN:28,hit
FN:36,isSunk
FN:43,getLength
FNF:4
FNH:4
FNDA:18,createShip
FNDA:13,hit
FNDA:10,isSunk
FNDA:56,getLength
DA:26,18
DA:29,13
DA:30,12
DA:31,12
DA:33,1
DA:37,10
DA:38,3
DA:40,7
DA:44,56
DA:47,18
DA:50,2
LF:11
LH:11
BRDA:29,0,0,12
BRDA:29,0,1,1
BRDA:37,1,0,3
BRDA:37,1,1,7
BRF:4
BRH:4
end_of_record
